{"C:\\Users\\DIGICROSS1\\structure-p\\app.js": {"path":"C:\\Users\\DIGICROSS1\\structure-p\\app.js","statementMap":{"0":{"start":{"line":1,"column":14},"end":{"line":1,"column":32}},"1":{"start":{"line":4,"column":14},"end":{"line":4,"column":32}},"2":{"start":{"line":5,"column":10},"end":{"line":5,"column":19}},"3":{"start":{"line":7,"column":0},"end":{"line":7,"column":29}},"4":{"start":{"line":8,"column":0},"end":{"line":8,"column":33}},"5":{"start":{"line":9,"column":0},"end":{"line":9,"column":26}},"6":{"start":{"line":10,"column":0},"end":{"line":10,"column":30}},"7":{"start":{"line":11,"column":0},"end":{"line":11,"column":34}},"8":{"start":{"line":13,"column":12},"end":{"line":13,"column":16}},"9":{"start":{"line":14,"column":13},"end":{"line":14,"column":82}},"10":{"start":{"line":14,"column":34},"end":{"line":14,"column":81}},"11":{"start":{"line":16,"column":0},"end":{"line":16,"column":22}}},"fnMap":{"0":{"name":"(anonymous_0)","decl":{"start":{"line":14,"column":29},"end":{"line":14,"column":30}},"loc":{"start":{"line":14,"column":34},"end":{"line":14,"column":81}},"line":14}},"branchMap":{},"s":{"0":1,"1":1,"2":1,"3":1,"4":1,"5":1,"6":1,"7":1,"8":1,"9":1,"10":0,"11":1},"f":{"0":0},"b":{},"_coverageSchema":"43e27e138ebf9cfc5966b082cf9a028302ed4184","hash":"6d23b6f172e179c1bd8ff4c499d187d359bafe21"}
,"C:\\Users\\DIGICROSS1\\structure-p\\middleware\\admin.js": {"path":"C:\\Users\\DIGICROSS1\\structure-p\\middleware\\admin.js","statementMap":{"0":{"start":{"line":3,"column":0},"end":{"line":9,"column":1}},"1":{"start":{"line":5,"column":0},"end":{"line":5,"column":68}},"2":{"start":{"line":5,"column":22},"end":{"line":5,"column":68}},"3":{"start":{"line":7,"column":0},"end":{"line":7,"column":7}}},"fnMap":{"0":{"name":"(anonymous_0)","decl":{"start":{"line":3,"column":16},"end":{"line":3,"column":17}},"loc":{"start":{"line":3,"column":38},"end":{"line":9,"column":1}},"line":3}},"branchMap":{"0":{"loc":{"start":{"line":5,"column":0},"end":{"line":5,"column":68}},"type":"if","locations":[{"start":{"line":5,"column":0},"end":{"line":5,"column":68}},{"start":{"line":5,"column":0},"end":{"line":5,"column":68}}],"line":5}},"s":{"0":1,"1":0,"2":0,"3":0},"f":{"0":0},"b":{"0":[0,0]},"_coverageSchema":"43e27e138ebf9cfc5966b082cf9a028302ed4184","hash":"94d297cd7c863607fc762780b465468ba8bc047a"}
,"C:\\Users\\DIGICROSS1\\structure-p\\middleware\\auth.js": {"path":"C:\\Users\\DIGICROSS1\\structure-p\\middleware\\auth.js","statementMap":{"0":{"start":{"line":1,"column":10},"end":{"line":1,"column":33}},"1":{"start":{"line":2,"column":13},"end":{"line":2,"column":30}},"2":{"start":{"line":4,"column":0},"end":{"line":19,"column":1}},"3":{"start":{"line":5,"column":14},"end":{"line":5,"column":40}},"4":{"start":{"line":6,"column":0},"end":{"line":6,"column":77}},"5":{"start":{"line":6,"column":11},"end":{"line":6,"column":77}},"6":{"start":{"line":8,"column":0},"end":{"line":16,"column":1}},"7":{"start":{"line":9,"column":16},"end":{"line":9,"column":63}},"8":{"start":{"line":10,"column":0},"end":{"line":10,"column":18}},"9":{"start":{"line":11,"column":0},"end":{"line":11,"column":7}},"10":{"start":{"line":14,"column":0},"end":{"line":14,"column":38}}},"fnMap":{"0":{"name":"(anonymous_0)","decl":{"start":{"line":4,"column":15},"end":{"line":4,"column":16}},"loc":{"start":{"line":4,"column":32},"end":{"line":19,"column":1}},"line":4}},"branchMap":{"0":{"loc":{"start":{"line":6,"column":0},"end":{"line":6,"column":77}},"type":"if","locations":[{"start":{"line":6,"column":0},"end":{"line":6,"column":77}},{"start":{"line":6,"column":0},"end":{"line":6,"column":77}}],"line":6}},"s":{"0":1,"1":1,"2":1,"3":0,"4":0,"5":0,"6":0,"7":0,"8":0,"9":0,"10":0},"f":{"0":0},"b":{"0":[0,0]},"_coverageSchema":"43e27e138ebf9cfc5966b082cf9a028302ed4184","hash":"d49900aaf9377072fec0ab8142e944cc7eff49d3"}
,"C:\\Users\\DIGICROSS1\\structure-p\\middleware\\error.js": {"path":"C:\\Users\\DIGICROSS1\\structure-p\\middleware\\error.js","statementMap":{"0":{"start":{"line":1,"column":14},"end":{"line":1,"column":32}},"1":{"start":{"line":4,"column":0},"end":{"line":9,"column":2}},"2":{"start":{"line":5,"column":5},"end":{"line":5,"column":36}},"3":{"start":{"line":6,"column":4},"end":{"line":6,"column":44}}},"fnMap":{"0":{"name":"(anonymous_0)","decl":{"start":{"line":4,"column":15},"end":{"line":4,"column":16}},"loc":{"start":{"line":4,"column":46},"end":{"line":9,"column":1}},"line":4}},"branchMap":{},"s":{"0":1,"1":1,"2":0,"3":0},"f":{"0":0},"b":{},"_coverageSchema":"43e27e138ebf9cfc5966b082cf9a028302ed4184","hash":"48760d929091fecaf29ab62d6a269e629ada6e74"}
,"C:\\Users\\DIGICROSS1\\structure-p\\models\\customer.js": {"path":"C:\\Users\\DIGICROSS1\\structure-p\\models\\customer.js","statementMap":{"0":{"start":{"line":1,"column":11},"end":{"line":1,"column":25}},"1":{"start":{"line":2,"column":15},"end":{"line":2,"column":34}},"2":{"start":{"line":4,"column":22},"end":{"line":27,"column":5}},"3":{"start":{"line":29,"column":15},"end":{"line":29,"column":60}},"4":{"start":{"line":32,"column":14},"end":{"line":36,"column":1}},"5":{"start":{"line":37,"column":1},"end":{"line":37,"column":38}},"6":{"start":{"line":42,"column":0},"end":{"line":42,"column":26}},"7":{"start":{"line":43,"column":0},"end":{"line":43,"column":34}}},"fnMap":{"0":{"name":"validateCustomer","decl":{"start":{"line":31,"column":9},"end":{"line":31,"column":25}},"loc":{"start":{"line":31,"column":35},"end":{"line":38,"column":1}},"line":31}},"branchMap":{},"s":{"0":1,"1":1,"2":1,"3":1,"4":0,"5":0,"6":1,"7":1},"f":{"0":0},"b":{},"_coverageSchema":"43e27e138ebf9cfc5966b082cf9a028302ed4184","hash":"a87b5a8da48fd32bdc7548eb42f104bd30d89437"}
,"C:\\Users\\DIGICROSS1\\structure-p\\models\\gener.js": {"path":"C:\\Users\\DIGICROSS1\\structure-p\\models\\gener.js","statementMap":{"0":{"start":{"line":1,"column":11},"end":{"line":1,"column":25}},"1":{"start":{"line":2,"column":15},"end":{"line":2,"column":34}},"2":{"start":{"line":4,"column":19},"end":{"line":12,"column":2}},"3":{"start":{"line":14,"column":13},"end":{"line":14,"column":53}},"4":{"start":{"line":17,"column":14},"end":{"line":19,"column":1}},"5":{"start":{"line":20,"column":1},"end":{"line":20,"column":36}},"6":{"start":{"line":23,"column":0},"end":{"line":23,"column":32}},"7":{"start":{"line":24,"column":0},"end":{"line":24,"column":22}},"8":{"start":{"line":25,"column":0},"end":{"line":25,"column":32}}},"fnMap":{"0":{"name":"validateGeners","decl":{"start":{"line":16,"column":9},"end":{"line":16,"column":23}},"loc":{"start":{"line":16,"column":31},"end":{"line":21,"column":1}},"line":16}},"branchMap":{},"s":{"0":1,"1":1,"2":1,"3":1,"4":0,"5":0,"6":1,"7":1,"8":1},"f":{"0":0},"b":{},"_coverageSchema":"43e27e138ebf9cfc5966b082cf9a028302ed4184","hash":"85a92125e073aac00ccad532724a61ca40c77b75"}
,"C:\\Users\\DIGICROSS1\\structure-p\\models\\movie.js": {"path":"C:\\Users\\DIGICROSS1\\structure-p\\models\\movie.js","statementMap":{"0":{"start":{"line":1,"column":11},"end":{"line":1,"column":25}},"1":{"start":{"line":2,"column":15},"end":{"line":2,"column":34}},"2":{"start":{"line":3,"column":18},"end":{"line":3,"column":36}},"3":{"start":{"line":4,"column":19},"end":{"line":33,"column":5}},"4":{"start":{"line":35,"column":13},"end":{"line":35,"column":54}},"5":{"start":{"line":38,"column":14},"end":{"line":43,"column":1}},"6":{"start":{"line":46,"column":0},"end":{"line":46,"column":22}},"7":{"start":{"line":47,"column":0},"end":{"line":47,"column":36}}},"fnMap":{"0":{"name":"validateMovie","decl":{"start":{"line":37,"column":9},"end":{"line":37,"column":22}},"loc":{"start":{"line":37,"column":29},"end":{"line":44,"column":1}},"line":37}},"branchMap":{},"s":{"0":1,"1":1,"2":1,"3":1,"4":1,"5":0,"6":1,"7":1},"f":{"0":0},"b":{},"_coverageSchema":"43e27e138ebf9cfc5966b082cf9a028302ed4184","hash":"0a1e8f1525009920e660e3400a0128f657a63bc6"}
,"C:\\Users\\DIGICROSS1\\structure-p\\models\\rental.js": {"path":"C:\\Users\\DIGICROSS1\\structure-p\\models\\rental.js","statementMap":{"0":{"start":{"line":1,"column":11},"end":{"line":1,"column":25}},"1":{"start":{"line":2,"column":15},"end":{"line":2,"column":34}},"2":{"start":{"line":5,"column":13},"end":{"line":61,"column":4}},"3":{"start":{"line":64,"column":13},"end":{"line":68,"column":1}},"4":{"start":{"line":70,"column":0},"end":{"line":70,"column":31}},"5":{"start":{"line":76,"column":0},"end":{"line":76,"column":22}},"6":{"start":{"line":77,"column":0},"end":{"line":77,"column":32}}},"fnMap":{"0":{"name":"validateRental","decl":{"start":{"line":63,"column":10},"end":{"line":63,"column":24}},"loc":{"start":{"line":63,"column":32},"end":{"line":73,"column":2}},"line":63}},"branchMap":{},"s":{"0":1,"1":1,"2":1,"3":0,"4":0,"5":1,"6":1},"f":{"0":0},"b":{},"_coverageSchema":"43e27e138ebf9cfc5966b082cf9a028302ed4184","hash":"632dcc9754f4cac6041fb9b1fcffafefd8d0397b"}
,"C:\\Users\\DIGICROSS1\\structure-p\\models\\user.js": {"path":"C:\\Users\\DIGICROSS1\\structure-p\\models\\user.js","statementMap":{"0":{"start":{"line":1,"column":11},"end":{"line":1,"column":25}},"1":{"start":{"line":2,"column":15},"end":{"line":2,"column":34}},"2":{"start":{"line":3,"column":13},"end":{"line":3,"column":30}},"3":{"start":{"line":4,"column":10},"end":{"line":4,"column":33}},"4":{"start":{"line":5,"column":18},"end":{"line":28,"column":2}},"5":{"start":{"line":30,"column":0},"end":{"line":33,"column":1}},"6":{"start":{"line":31,"column":14},"end":{"line":31,"column":94}},"7":{"start":{"line":32,"column":0},"end":{"line":32,"column":14}},"8":{"start":{"line":34,"column":11},"end":{"line":34,"column":48}},"9":{"start":{"line":37,"column":14},"end":{"line":42,"column":1}},"10":{"start":{"line":43,"column":1},"end":{"line":43,"column":34}},"11":{"start":{"line":46,"column":0},"end":{"line":46,"column":30}},"12":{"start":{"line":47,"column":0},"end":{"line":47,"column":18}},"13":{"start":{"line":48,"column":0},"end":{"line":48,"column":30}}},"fnMap":{"0":{"name":"(anonymous_0)","decl":{"start":{"line":30,"column":39},"end":{"line":30,"column":40}},"loc":{"start":{"line":30,"column":51},"end":{"line":33,"column":1}},"line":30},"1":{"name":"validateUser","decl":{"start":{"line":36,"column":9},"end":{"line":36,"column":21}},"loc":{"start":{"line":36,"column":27},"end":{"line":44,"column":1}},"line":36}},"branchMap":{},"s":{"0":2,"1":2,"2":2,"3":2,"4":2,"5":2,"6":1,"7":1,"8":2,"9":0,"10":0,"11":2,"12":2,"13":2},"f":{"0":1,"1":0},"b":{},"_coverageSchema":"43e27e138ebf9cfc5966b082cf9a028302ed4184","hash":"1ac047bf367df9c238e3e0d6a5463cad39e5942a"}
,"C:\\Users\\DIGICROSS1\\structure-p\\router\\auth.js": {"path":"C:\\Users\\DIGICROSS1\\structure-p\\router\\auth.js","statementMap":{"0":{"start":{"line":1,"column":14},"end":{"line":1,"column":31}},"1":{"start":{"line":2,"column":10},"end":{"line":2,"column":33}},"2":{"start":{"line":3,"column":13},"end":{"line":3,"column":30}},"3":{"start":{"line":4,"column":8},"end":{"line":4,"column":25}},"4":{"start":{"line":5,"column":11},"end":{"line":5,"column":25}},"5":{"start":{"line":6,"column":15},"end":{"line":6,"column":34}},"6":{"start":{"line":7,"column":13},"end":{"line":7,"column":38}},"7":{"start":{"line":8,"column":14},"end":{"line":8,"column":32}},"8":{"start":{"line":9,"column":13},"end":{"line":9,"column":29}},"9":{"start":{"line":12,"column":0},"end":{"line":21,"column":3}},"10":{"start":{"line":13,"column":16},"end":{"line":13,"column":34}},"11":{"start":{"line":14,"column":0},"end":{"line":14,"column":65}},"12":{"start":{"line":14,"column":11},"end":{"line":14,"column":65}},"13":{"start":{"line":15,"column":11},"end":{"line":15,"column":55}},"14":{"start":{"line":16,"column":0},"end":{"line":16,"column":69}},"15":{"start":{"line":16,"column":10},"end":{"line":16,"column":69}},"16":{"start":{"line":17,"column":21},"end":{"line":17,"column":75}},"17":{"start":{"line":18,"column":0},"end":{"line":18,"column":75}},"18":{"start":{"line":18,"column":18},"end":{"line":18,"column":75}},"19":{"start":{"line":19,"column":12},"end":{"line":19,"column":36}},"20":{"start":{"line":20,"column":0},"end":{"line":20,"column":16}},"21":{"start":{"line":24,"column":14},"end":{"line":27,"column":1}},"22":{"start":{"line":28,"column":0},"end":{"line":28,"column":32}},"23":{"start":{"line":30,"column":0},"end":{"line":30,"column":22}}},"fnMap":{"0":{"name":"(anonymous_0)","decl":{"start":{"line":12,"column":17},"end":{"line":12,"column":18}},"loc":{"start":{"line":12,"column":34},"end":{"line":21,"column":1}},"line":12},"1":{"name":"validate","decl":{"start":{"line":23,"column":9},"end":{"line":23,"column":17}},"loc":{"start":{"line":23,"column":22},"end":{"line":29,"column":1}},"line":23}},"branchMap":{"0":{"loc":{"start":{"line":14,"column":0},"end":{"line":14,"column":65}},"type":"if","locations":[{"start":{"line":14,"column":0},"end":{"line":14,"column":65}},{"start":{"line":14,"column":0},"end":{"line":14,"column":65}}],"line":14},"1":{"loc":{"start":{"line":16,"column":0},"end":{"line":16,"column":69}},"type":"if","locations":[{"start":{"line":16,"column":0},"end":{"line":16,"column":69}},{"start":{"line":16,"column":0},"end":{"line":16,"column":69}}],"line":16},"2":{"loc":{"start":{"line":18,"column":0},"end":{"line":18,"column":75}},"type":"if","locations":[{"start":{"line":18,"column":0},"end":{"line":18,"column":75}},{"start":{"line":18,"column":0},"end":{"line":18,"column":75}}],"line":18}},"s":{"0":1,"1":1,"2":1,"3":1,"4":1,"5":1,"6":1,"7":1,"8":1,"9":1,"10":0,"11":0,"12":0,"13":0,"14":0,"15":0,"16":0,"17":0,"18":0,"19":0,"20":0,"21":0,"22":0,"23":1},"f":{"0":0,"1":0},"b":{"0":[0,0],"1":[0,0],"2":[0,0]},"_coverageSchema":"43e27e138ebf9cfc5966b082cf9a028302ed4184","hash":"e600eaf2235081577ec58769f5218d35d0c683c1"}
,"C:\\Users\\DIGICROSS1\\structure-p\\router\\customers.js": {"path":"C:\\Users\\DIGICROSS1\\structure-p\\router\\customers.js","statementMap":{"0":{"start":{"line":1,"column":26},"end":{"line":1,"column":55}},"1":{"start":{"line":2,"column":13},"end":{"line":2,"column":42}},"2":{"start":{"line":3,"column":15},"end":{"line":3,"column":34}},"3":{"start":{"line":4,"column":14},"end":{"line":4,"column":32}},"4":{"start":{"line":5,"column":13},"end":{"line":5,"column":29}},"5":{"start":{"line":7,"column":0},"end":{"line":10,"column":3}},"6":{"start":{"line":8,"column":16},"end":{"line":8,"column":50}},"7":{"start":{"line":9,"column":0},"end":{"line":9,"column":19}},"8":{"start":{"line":12,"column":0},"end":{"line":23,"column":3}},"9":{"start":{"line":13,"column":16},"end":{"line":13,"column":34}},"10":{"start":{"line":14,"column":0},"end":{"line":14,"column":65}},"11":{"start":{"line":14,"column":11},"end":{"line":14,"column":65}},"12":{"start":{"line":16,"column":15},"end":{"line":20,"column":2}},"13":{"start":{"line":21,"column":0},"end":{"line":21,"column":22}},"14":{"start":{"line":22,"column":0},"end":{"line":22,"column":19}},"15":{"start":{"line":25,"column":0},"end":{"line":38,"column":3}},"16":{"start":{"line":26,"column":16},"end":{"line":26,"column":34}},"17":{"start":{"line":27,"column":0},"end":{"line":27,"column":65}},"18":{"start":{"line":27,"column":11},"end":{"line":27,"column":65}},"19":{"start":{"line":29,"column":16},"end":{"line":29,"column":96}},"20":{"start":{"line":31,"column":1},"end":{"line":31,"column":84}},"21":{"start":{"line":31,"column":16},"end":{"line":31,"column":84}},"22":{"start":{"line":33,"column":1},"end":{"line":33,"column":29}},"23":{"start":{"line":34,"column":1},"end":{"line":34,"column":31}},"24":{"start":{"line":35,"column":1},"end":{"line":35,"column":33}},"25":{"start":{"line":36,"column":1},"end":{"line":36,"column":17}},"26":{"start":{"line":37,"column":1},"end":{"line":37,"column":20}},"27":{"start":{"line":40,"column":0},"end":{"line":44,"column":3}},"28":{"start":{"line":41,"column":16},"end":{"line":41,"column":62}},"29":{"start":{"line":42,"column":0},"end":{"line":42,"column":82}},"30":{"start":{"line":42,"column":14},"end":{"line":42,"column":82}},"31":{"start":{"line":43,"column":0},"end":{"line":43,"column":19}},"32":{"start":{"line":46,"column":0},"end":{"line":50,"column":3}},"33":{"start":{"line":47,"column":16},"end":{"line":47,"column":54}},"34":{"start":{"line":48,"column":0},"end":{"line":48,"column":81}},"35":{"start":{"line":48,"column":14},"end":{"line":48,"column":81}},"36":{"start":{"line":49,"column":0},"end":{"line":49,"column":19}},"37":{"start":{"line":53,"column":0},"end":{"line":53,"column":24}}},"fnMap":{"0":{"name":"(anonymous_0)","decl":{"start":{"line":7,"column":16},"end":{"line":7,"column":17}},"loc":{"start":{"line":7,"column":33},"end":{"line":10,"column":1}},"line":7},"1":{"name":"(anonymous_1)","decl":{"start":{"line":12,"column":18},"end":{"line":12,"column":19}},"loc":{"start":{"line":12,"column":35},"end":{"line":23,"column":1}},"line":12},"2":{"name":"(anonymous_2)","decl":{"start":{"line":25,"column":19},"end":{"line":25,"column":20}},"loc":{"start":{"line":25,"column":38},"end":{"line":38,"column":1}},"line":25},"3":{"name":"(anonymous_3)","decl":{"start":{"line":40,"column":22},"end":{"line":40,"column":23}},"loc":{"start":{"line":40,"column":39},"end":{"line":44,"column":1}},"line":40},"4":{"name":"(anonymous_4)","decl":{"start":{"line":46,"column":19},"end":{"line":46,"column":20}},"loc":{"start":{"line":46,"column":36},"end":{"line":50,"column":1}},"line":46}},"branchMap":{"0":{"loc":{"start":{"line":14,"column":0},"end":{"line":14,"column":65}},"type":"if","locations":[{"start":{"line":14,"column":0},"end":{"line":14,"column":65}},{"start":{"line":14,"column":0},"end":{"line":14,"column":65}}],"line":14},"1":{"loc":{"start":{"line":27,"column":0},"end":{"line":27,"column":65}},"type":"if","locations":[{"start":{"line":27,"column":0},"end":{"line":27,"column":65}},{"start":{"line":27,"column":0},"end":{"line":27,"column":65}}],"line":27},"2":{"loc":{"start":{"line":31,"column":1},"end":{"line":31,"column":84}},"type":"if","locations":[{"start":{"line":31,"column":1},"end":{"line":31,"column":84}},{"start":{"line":31,"column":1},"end":{"line":31,"column":84}}],"line":31},"3":{"loc":{"start":{"line":42,"column":0},"end":{"line":42,"column":82}},"type":"if","locations":[{"start":{"line":42,"column":0},"end":{"line":42,"column":82}},{"start":{"line":42,"column":0},"end":{"line":42,"column":82}}],"line":42},"4":{"loc":{"start":{"line":48,"column":0},"end":{"line":48,"column":81}},"type":"if","locations":[{"start":{"line":48,"column":0},"end":{"line":48,"column":81}},{"start":{"line":48,"column":0},"end":{"line":48,"column":81}}],"line":48}},"s":{"0":1,"1":1,"2":1,"3":1,"4":1,"5":1,"6":0,"7":0,"8":1,"9":0,"10":0,"11":0,"12":0,"13":0,"14":0,"15":1,"16":0,"17":0,"18":0,"19":0,"20":0,"21":0,"22":0,"23":0,"24":0,"25":0,"26":0,"27":1,"28":0,"29":0,"30":0,"31":0,"32":1,"33":0,"34":0,"35":0,"36":0,"37":1},"f":{"0":0,"1":0,"2":0,"3":0,"4":0},"b":{"0":[0,0],"1":[0,0],"2":[0,0],"3":[0,0],"4":[0,0]},"_coverageSchema":"43e27e138ebf9cfc5966b082cf9a028302ed4184","hash":"2c1445a01117a12747dec20e2430e2a64ab75fa9"}
,"C:\\Users\\DIGICROSS1\\structure-p\\router\\geners.js": {"path":"C:\\Users\\DIGICROSS1\\structure-p\\router\\geners.js","statementMap":{"0":{"start":{"line":1,"column":13},"end":{"line":1,"column":43}},"1":{"start":{"line":2,"column":12},"end":{"line":2,"column":41}},"2":{"start":{"line":3,"column":11},"end":{"line":3,"column":25}},"3":{"start":{"line":4,"column":15},"end":{"line":4,"column":34}},"4":{"start":{"line":5,"column":25},"end":{"line":5,"column":51}},"5":{"start":{"line":6,"column":14},"end":{"line":6,"column":32}},"6":{"start":{"line":7,"column":13},"end":{"line":7,"column":29}},"7":{"start":{"line":10,"column":0},"end":{"line":14,"column":3}},"8":{"start":{"line":12,"column":13},"end":{"line":12,"column":45}},"9":{"start":{"line":13,"column":0},"end":{"line":13,"column":16}},"10":{"start":{"line":16,"column":0},"end":{"line":23,"column":3}},"11":{"start":{"line":17,"column":16},"end":{"line":17,"column":39}},"12":{"start":{"line":18,"column":0},"end":{"line":18,"column":65}},"13":{"start":{"line":18,"column":11},"end":{"line":18,"column":65}},"14":{"start":{"line":20,"column":12},"end":{"line":20,"column":46}},"15":{"start":{"line":21,"column":0},"end":{"line":21,"column":19}},"16":{"start":{"line":22,"column":0},"end":{"line":22,"column":16}},"17":{"start":{"line":25,"column":0},"end":{"line":36,"column":3}},"18":{"start":{"line":26,"column":16},"end":{"line":26,"column":39}},"19":{"start":{"line":27,"column":0},"end":{"line":27,"column":65}},"20":{"start":{"line":27,"column":11},"end":{"line":27,"column":65}},"21":{"start":{"line":29,"column":13},"end":{"line":29,"column":91}},"22":{"start":{"line":31,"column":1},"end":{"line":31,"column":81}},"23":{"start":{"line":31,"column":13},"end":{"line":31,"column":81}},"24":{"start":{"line":33,"column":1},"end":{"line":33,"column":26}},"25":{"start":{"line":34,"column":1},"end":{"line":34,"column":14}},"26":{"start":{"line":35,"column":1},"end":{"line":35,"column":17}},"27":{"start":{"line":38,"column":0},"end":{"line":42,"column":3}},"28":{"start":{"line":39,"column":13},"end":{"line":39,"column":57}},"29":{"start":{"line":40,"column":0},"end":{"line":40,"column":79}},"30":{"start":{"line":40,"column":11},"end":{"line":40,"column":79}},"31":{"start":{"line":41,"column":0},"end":{"line":41,"column":16}},"32":{"start":{"line":44,"column":0},"end":{"line":48,"column":3}},"33":{"start":{"line":45,"column":13},"end":{"line":45,"column":49}},"34":{"start":{"line":46,"column":0},"end":{"line":46,"column":78}},"35":{"start":{"line":46,"column":11},"end":{"line":46,"column":78}},"36":{"start":{"line":47,"column":0},"end":{"line":47,"column":16}},"37":{"start":{"line":52,"column":14},"end":{"line":56,"column":1}},"38":{"start":{"line":58,"column":0},"end":{"line":58,"column":34}},"39":{"start":{"line":64,"column":0},"end":{"line":64,"column":24}}},"fnMap":{"0":{"name":"(anonymous_0)","decl":{"start":{"line":10,"column":15},"end":{"line":10,"column":16}},"loc":{"start":{"line":10,"column":34},"end":{"line":14,"column":1}},"line":10},"1":{"name":"(anonymous_1)","decl":{"start":{"line":16,"column":23},"end":{"line":16,"column":24}},"loc":{"start":{"line":16,"column":40},"end":{"line":23,"column":1}},"line":16},"2":{"name":"(anonymous_2)","decl":{"start":{"line":25,"column":18},"end":{"line":25,"column":19}},"loc":{"start":{"line":25,"column":37},"end":{"line":36,"column":1}},"line":25},"3":{"name":"(anonymous_3)","decl":{"start":{"line":38,"column":36},"end":{"line":38,"column":37}},"loc":{"start":{"line":38,"column":53},"end":{"line":42,"column":1}},"line":38},"4":{"name":"(anonymous_4)","decl":{"start":{"line":44,"column":18},"end":{"line":44,"column":19}},"loc":{"start":{"line":44,"column":35},"end":{"line":48,"column":1}},"line":44},"5":{"name":"validateGener","decl":{"start":{"line":50,"column":9},"end":{"line":50,"column":22}},"loc":{"start":{"line":50,"column":29},"end":{"line":61,"column":1}},"line":50}},"branchMap":{"0":{"loc":{"start":{"line":18,"column":0},"end":{"line":18,"column":65}},"type":"if","locations":[{"start":{"line":18,"column":0},"end":{"line":18,"column":65}},{"start":{"line":18,"column":0},"end":{"line":18,"column":65}}],"line":18},"1":{"loc":{"start":{"line":27,"column":0},"end":{"line":27,"column":65}},"type":"if","locations":[{"start":{"line":27,"column":0},"end":{"line":27,"column":65}},{"start":{"line":27,"column":0},"end":{"line":27,"column":65}}],"line":27},"2":{"loc":{"start":{"line":31,"column":1},"end":{"line":31,"column":81}},"type":"if","locations":[{"start":{"line":31,"column":1},"end":{"line":31,"column":81}},{"start":{"line":31,"column":1},"end":{"line":31,"column":81}}],"line":31},"3":{"loc":{"start":{"line":40,"column":0},"end":{"line":40,"column":79}},"type":"if","locations":[{"start":{"line":40,"column":0},"end":{"line":40,"column":79}},{"start":{"line":40,"column":0},"end":{"line":40,"column":79}}],"line":40},"4":{"loc":{"start":{"line":46,"column":0},"end":{"line":46,"column":78}},"type":"if","locations":[{"start":{"line":46,"column":0},"end":{"line":46,"column":78}},{"start":{"line":46,"column":0},"end":{"line":46,"column":78}}],"line":46}},"s":{"0":1,"1":1,"2":1,"3":1,"4":1,"5":1,"6":1,"7":1,"8":0,"9":0,"10":1,"11":0,"12":0,"13":0,"14":0,"15":0,"16":0,"17":1,"18":0,"19":0,"20":0,"21":0,"22":0,"23":0,"24":0,"25":0,"26":0,"27":1,"28":0,"29":0,"30":0,"31":0,"32":1,"33":0,"34":0,"35":0,"36":0,"37":0,"38":0,"39":1},"f":{"0":0,"1":0,"2":0,"3":0,"4":0,"5":0},"b":{"0":[0,0],"1":[0,0],"2":[0,0],"3":[0,0],"4":[0,0]},"_coverageSchema":"43e27e138ebf9cfc5966b082cf9a028302ed4184","hash":"70670a84367fcc26d742b49ea32860175ff2238a"}
,"C:\\Users\\DIGICROSS1\\structure-p\\router\\movies.js": {"path":"C:\\Users\\DIGICROSS1\\structure-p\\router\\movies.js","statementMap":{"0":{"start":{"line":1,"column":29},"end":{"line":1,"column":55}},"1":{"start":{"line":2,"column":15},"end":{"line":2,"column":34}},"2":{"start":{"line":3,"column":14},"end":{"line":3,"column":32}},"3":{"start":{"line":4,"column":13},"end":{"line":4,"column":29}},"4":{"start":{"line":6,"column":0},"end":{"line":9,"column":3}},"5":{"start":{"line":7,"column":13},"end":{"line":7,"column":45}},"6":{"start":{"line":8,"column":0},"end":{"line":8,"column":16}},"7":{"start":{"line":11,"column":0},"end":{"line":31,"column":3}},"8":{"start":{"line":12,"column":16},"end":{"line":12,"column":39}},"9":{"start":{"line":13,"column":0},"end":{"line":13,"column":65}},"10":{"start":{"line":13,"column":11},"end":{"line":13,"column":65}},"11":{"start":{"line":15,"column":14},"end":{"line":15,"column":51}},"12":{"start":{"line":16,"column":0},"end":{"line":16,"column":64}},"13":{"start":{"line":16,"column":10},"end":{"line":16,"column":64}},"14":{"start":{"line":19,"column":12},"end":{"line":28,"column":2}},"15":{"start":{"line":29,"column":0},"end":{"line":29,"column":19}},"16":{"start":{"line":30,"column":0},"end":{"line":30,"column":16}},"17":{"start":{"line":33,"column":0},"end":{"line":47,"column":3}},"18":{"start":{"line":34,"column":16},"end":{"line":34,"column":39}},"19":{"start":{"line":35,"column":0},"end":{"line":35,"column":65}},"20":{"start":{"line":35,"column":11},"end":{"line":35,"column":65}},"21":{"start":{"line":37,"column":13},"end":{"line":37,"column":91}},"22":{"start":{"line":39,"column":1},"end":{"line":39,"column":81}},"23":{"start":{"line":39,"column":13},"end":{"line":39,"column":81}},"24":{"start":{"line":41,"column":1},"end":{"line":41,"column":28}},"25":{"start":{"line":42,"column":1},"end":{"line":42,"column":32}},"26":{"start":{"line":43,"column":1},"end":{"line":43,"column":38}},"27":{"start":{"line":44,"column":1},"end":{"line":44,"column":42}},"28":{"start":{"line":45,"column":1},"end":{"line":45,"column":14}},"29":{"start":{"line":46,"column":1},"end":{"line":46,"column":17}},"30":{"start":{"line":49,"column":0},"end":{"line":53,"column":3}},"31":{"start":{"line":50,"column":13},"end":{"line":50,"column":57}},"32":{"start":{"line":51,"column":0},"end":{"line":51,"column":79}},"33":{"start":{"line":51,"column":11},"end":{"line":51,"column":79}},"34":{"start":{"line":52,"column":0},"end":{"line":52,"column":16}},"35":{"start":{"line":55,"column":0},"end":{"line":59,"column":3}},"36":{"start":{"line":56,"column":13},"end":{"line":56,"column":49}},"37":{"start":{"line":57,"column":0},"end":{"line":57,"column":78}},"38":{"start":{"line":57,"column":11},"end":{"line":57,"column":78}},"39":{"start":{"line":58,"column":0},"end":{"line":58,"column":16}},"40":{"start":{"line":62,"column":0},"end":{"line":62,"column":24}}},"fnMap":{"0":{"name":"(anonymous_0)","decl":{"start":{"line":6,"column":16},"end":{"line":6,"column":17}},"loc":{"start":{"line":6,"column":33},"end":{"line":9,"column":1}},"line":6},"1":{"name":"(anonymous_1)","decl":{"start":{"line":11,"column":17},"end":{"line":11,"column":18}},"loc":{"start":{"line":11,"column":34},"end":{"line":31,"column":1}},"line":11},"2":{"name":"(anonymous_2)","decl":{"start":{"line":33,"column":19},"end":{"line":33,"column":20}},"loc":{"start":{"line":33,"column":38},"end":{"line":47,"column":1}},"line":33},"3":{"name":"(anonymous_3)","decl":{"start":{"line":49,"column":22},"end":{"line":49,"column":23}},"loc":{"start":{"line":49,"column":39},"end":{"line":53,"column":1}},"line":49},"4":{"name":"(anonymous_4)","decl":{"start":{"line":55,"column":19},"end":{"line":55,"column":20}},"loc":{"start":{"line":55,"column":36},"end":{"line":59,"column":1}},"line":55}},"branchMap":{"0":{"loc":{"start":{"line":13,"column":0},"end":{"line":13,"column":65}},"type":"if","locations":[{"start":{"line":13,"column":0},"end":{"line":13,"column":65}},{"start":{"line":13,"column":0},"end":{"line":13,"column":65}}],"line":13},"1":{"loc":{"start":{"line":16,"column":0},"end":{"line":16,"column":64}},"type":"if","locations":[{"start":{"line":16,"column":0},"end":{"line":16,"column":64}},{"start":{"line":16,"column":0},"end":{"line":16,"column":64}}],"line":16},"2":{"loc":{"start":{"line":35,"column":0},"end":{"line":35,"column":65}},"type":"if","locations":[{"start":{"line":35,"column":0},"end":{"line":35,"column":65}},{"start":{"line":35,"column":0},"end":{"line":35,"column":65}}],"line":35},"3":{"loc":{"start":{"line":39,"column":1},"end":{"line":39,"column":81}},"type":"if","locations":[{"start":{"line":39,"column":1},"end":{"line":39,"column":81}},{"start":{"line":39,"column":1},"end":{"line":39,"column":81}}],"line":39},"4":{"loc":{"start":{"line":51,"column":0},"end":{"line":51,"column":79}},"type":"if","locations":[{"start":{"line":51,"column":0},"end":{"line":51,"column":79}},{"start":{"line":51,"column":0},"end":{"line":51,"column":79}}],"line":51},"5":{"loc":{"start":{"line":57,"column":0},"end":{"line":57,"column":78}},"type":"if","locations":[{"start":{"line":57,"column":0},"end":{"line":57,"column":78}},{"start":{"line":57,"column":0},"end":{"line":57,"column":78}}],"line":57}},"s":{"0":1,"1":1,"2":1,"3":1,"4":1,"5":0,"6":0,"7":1,"8":0,"9":0,"10":0,"11":0,"12":0,"13":0,"14":0,"15":0,"16":0,"17":1,"18":0,"19":0,"20":0,"21":0,"22":0,"23":0,"24":0,"25":0,"26":0,"27":0,"28":0,"29":0,"30":1,"31":0,"32":0,"33":0,"34":0,"35":1,"36":0,"37":0,"38":0,"39":0,"40":1},"f":{"0":0,"1":0,"2":0,"3":0,"4":0},"b":{"0":[0,0],"1":[0,0],"2":[0,0],"3":[0,0],"4":[0,0],"5":[0,0]},"_coverageSchema":"43e27e138ebf9cfc5966b082cf9a028302ed4184","hash":"060ec0574bb94e06af9f24fbcc22723d79f6c08d"}
,"C:\\Users\\DIGICROSS1\\structure-p\\router\\rentals.js": {"path":"C:\\Users\\DIGICROSS1\\structure-p\\router\\rentals.js","statementMap":{"0":{"start":{"line":1,"column":24},"end":{"line":1,"column":51}},"1":{"start":{"line":2,"column":29},"end":{"line":2,"column":55}},"2":{"start":{"line":3,"column":34},"end":{"line":3,"column":63}},"3":{"start":{"line":4,"column":15},"end":{"line":4,"column":34}},"4":{"start":{"line":5,"column":12},"end":{"line":5,"column":27}},"5":{"start":{"line":6,"column":14},"end":{"line":6,"column":32}},"6":{"start":{"line":7,"column":13},"end":{"line":7,"column":29}},"7":{"start":{"line":9,"column":0},"end":{"line":9,"column":20}},"8":{"start":{"line":11,"column":0},"end":{"line":14,"column":3}},"9":{"start":{"line":12,"column":15},"end":{"line":12,"column":51}},"10":{"start":{"line":13,"column":0},"end":{"line":13,"column":18}},"11":{"start":{"line":16,"column":0},"end":{"line":53,"column":3}},"12":{"start":{"line":17,"column":18},"end":{"line":17,"column":36}},"13":{"start":{"line":18,"column":1},"end":{"line":18,"column":64}},"14":{"start":{"line":18,"column":11},"end":{"line":18,"column":64}},"15":{"start":{"line":19,"column":18},"end":{"line":19,"column":62}},"16":{"start":{"line":20,"column":1},"end":{"line":20,"column":64}},"17":{"start":{"line":20,"column":16},"end":{"line":20,"column":64}},"18":{"start":{"line":21,"column":15},"end":{"line":21,"column":54}},"19":{"start":{"line":22,"column":1},"end":{"line":22,"column":57}},"20":{"start":{"line":22,"column":12},"end":{"line":22,"column":57}},"21":{"start":{"line":24,"column":1},"end":{"line":24,"column":88}},"22":{"start":{"line":24,"column":31},"end":{"line":24,"column":88}},"23":{"start":{"line":25,"column":12},"end":{"line":37,"column":2}},"24":{"start":{"line":39,"column":0},"end":{"line":51,"column":1}},"25":{"start":{"line":40,"column":4},"end":{"line":43,"column":13}},"26":{"start":{"line":44,"column":4},"end":{"line":44,"column":21}},"27":{"start":{"line":49,"column":0},"end":{"line":49,"column":44}},"28":{"start":{"line":55,"column":0},"end":{"line":55,"column":22}}},"fnMap":{"0":{"name":"(anonymous_0)","decl":{"start":{"line":11,"column":16},"end":{"line":11,"column":17}},"loc":{"start":{"line":11,"column":33},"end":{"line":14,"column":1}},"line":11},"1":{"name":"(anonymous_1)","decl":{"start":{"line":16,"column":17},"end":{"line":16,"column":18}},"loc":{"start":{"line":16,"column":34},"end":{"line":53,"column":1}},"line":16}},"branchMap":{"0":{"loc":{"start":{"line":18,"column":1},"end":{"line":18,"column":64}},"type":"if","locations":[{"start":{"line":18,"column":1},"end":{"line":18,"column":64}},{"start":{"line":18,"column":1},"end":{"line":18,"column":64}}],"line":18},"1":{"loc":{"start":{"line":20,"column":1},"end":{"line":20,"column":64}},"type":"if","locations":[{"start":{"line":20,"column":1},"end":{"line":20,"column":64}},{"start":{"line":20,"column":1},"end":{"line":20,"column":64}}],"line":20},"2":{"loc":{"start":{"line":22,"column":1},"end":{"line":22,"column":57}},"type":"if","locations":[{"start":{"line":22,"column":1},"end":{"line":22,"column":57}},{"start":{"line":22,"column":1},"end":{"line":22,"column":57}}],"line":22},"3":{"loc":{"start":{"line":24,"column":1},"end":{"line":24,"column":88}},"type":"if","locations":[{"start":{"line":24,"column":1},"end":{"line":24,"column":88}},{"start":{"line":24,"column":1},"end":{"line":24,"column":88}}],"line":24}},"s":{"0":1,"1":1,"2":1,"3":1,"4":1,"5":1,"6":1,"7":1,"8":1,"9":0,"10":0,"11":1,"12":0,"13":0,"14":0,"15":0,"16":0,"17":0,"18":0,"19":0,"20":0,"21":0,"22":0,"23":0,"24":0,"25":0,"26":0,"27":0,"28":1},"f":{"0":0,"1":0},"b":{"0":[0,0],"1":[0,0],"2":[0,0],"3":[0,0]},"_coverageSchema":"43e27e138ebf9cfc5966b082cf9a028302ed4184","hash":"805637cce21e39508b611a08673b00161aa35620"}
,"C:\\Users\\DIGICROSS1\\structure-p\\router\\users.js": {"path":"C:\\Users\\DIGICROSS1\\structure-p\\router\\users.js","statementMap":{"0":{"start":{"line":1,"column":13},"end":{"line":1,"column":42}},"1":{"start":{"line":2,"column":10},"end":{"line":2,"column":33}},"2":{"start":{"line":3,"column":13},"end":{"line":3,"column":30}},"3":{"start":{"line":4,"column":13},"end":{"line":4,"column":30}},"4":{"start":{"line":5,"column":8},"end":{"line":5,"column":25}},"5":{"start":{"line":6,"column":11},"end":{"line":6,"column":25}},"6":{"start":{"line":7,"column":15},"end":{"line":7,"column":34}},"7":{"start":{"line":8,"column":23},"end":{"line":8,"column":48}},"8":{"start":{"line":9,"column":14},"end":{"line":9,"column":32}},"9":{"start":{"line":10,"column":13},"end":{"line":10,"column":29}},"10":{"start":{"line":14,"column":0},"end":{"line":19,"column":3}},"11":{"start":{"line":16,"column":12},"end":{"line":16,"column":65}},"12":{"start":{"line":17,"column":0},"end":{"line":17,"column":15}},"13":{"start":{"line":21,"column":0},"end":{"line":33,"column":3}},"14":{"start":{"line":22,"column":16},"end":{"line":22,"column":34}},"15":{"start":{"line":23,"column":0},"end":{"line":23,"column":65}},"16":{"start":{"line":23,"column":11},"end":{"line":23,"column":65}},"17":{"start":{"line":24,"column":11},"end":{"line":24,"column":55}},"18":{"start":{"line":25,"column":0},"end":{"line":25,"column":66}},"19":{"start":{"line":25,"column":9},"end":{"line":25,"column":66}},"20":{"start":{"line":26,"column":0},"end":{"line":26,"column":70}},"21":{"start":{"line":27,"column":12},"end":{"line":27,"column":36}},"22":{"start":{"line":28,"column":0},"end":{"line":28,"column":53}},"23":{"start":{"line":29,"column":0},"end":{"line":29,"column":18}},"24":{"start":{"line":30,"column":14},"end":{"line":30,"column":38}},"25":{"start":{"line":31,"column":0},"end":{"line":31,"column":74}},"26":{"start":{"line":36,"column":0},"end":{"line":36,"column":22}}},"fnMap":{"0":{"name":"(anonymous_0)","decl":{"start":{"line":14,"column":26},"end":{"line":14,"column":27}},"loc":{"start":{"line":14,"column":43},"end":{"line":19,"column":1}},"line":14},"1":{"name":"(anonymous_1)","decl":{"start":{"line":21,"column":17},"end":{"line":21,"column":18}},"loc":{"start":{"line":21,"column":34},"end":{"line":33,"column":1}},"line":21}},"branchMap":{"0":{"loc":{"start":{"line":23,"column":0},"end":{"line":23,"column":65}},"type":"if","locations":[{"start":{"line":23,"column":0},"end":{"line":23,"column":65}},{"start":{"line":23,"column":0},"end":{"line":23,"column":65}}],"line":23},"1":{"loc":{"start":{"line":25,"column":0},"end":{"line":25,"column":66}},"type":"if","locations":[{"start":{"line":25,"column":0},"end":{"line":25,"column":66}},{"start":{"line":25,"column":0},"end":{"line":25,"column":66}}],"line":25}},"s":{"0":1,"1":1,"2":1,"3":1,"4":1,"5":1,"6":1,"7":1,"8":1,"9":1,"10":1,"11":0,"12":0,"13":1,"14":0,"15":0,"16":0,"17":0,"18":0,"19":0,"20":0,"21":0,"22":0,"23":0,"24":0,"25":0,"26":1},"f":{"0":0,"1":0},"b":{"0":[0,0],"1":[0,0]},"_coverageSchema":"43e27e138ebf9cfc5966b082cf9a028302ed4184","hash":"7b6ebfedb4e94fcc473b9248d1a64650532f1844"}
,"C:\\Users\\DIGICROSS1\\structure-p\\startup\\config.js": {"path":"C:\\Users\\DIGICROSS1\\structure-p\\startup\\config.js","statementMap":{"0":{"start":{"line":2,"column":13},"end":{"line":2,"column":30}},"1":{"start":{"line":4,"column":0},"end":{"line":8,"column":1}},"2":{"start":{"line":5,"column":0},"end":{"line":7,"column":1}},"3":{"start":{"line":6,"column":0},"end":{"line":6,"column":62}}},"fnMap":{"0":{"name":"(anonymous_0)","decl":{"start":{"line":4,"column":15},"end":{"line":4,"column":16}},"loc":{"start":{"line":4,"column":25},"end":{"line":8,"column":1}},"line":4}},"branchMap":{"0":{"loc":{"start":{"line":5,"column":0},"end":{"line":7,"column":1}},"type":"if","locations":[{"start":{"line":5,"column":0},"end":{"line":7,"column":1}},{"start":{"line":5,"column":0},"end":{"line":7,"column":1}}],"line":5}},"s":{"0":1,"1":1,"2":1,"3":0},"f":{"0":1},"b":{"0":[0,1]},"_coverageSchema":"43e27e138ebf9cfc5966b082cf9a028302ed4184","hash":"cec1abf1708d2d031bde73a84c82fd85929f7ae9"}
,"C:\\Users\\DIGICROSS1\\structure-p\\startup\\db.js": {"path":"C:\\Users\\DIGICROSS1\\structure-p\\startup\\db.js","statementMap":{"0":{"start":{"line":1,"column":15},"end":{"line":1,"column":33}},"1":{"start":{"line":2,"column":15},"end":{"line":2,"column":34}},"2":{"start":{"line":3,"column":13},"end":{"line":3,"column":30}},"3":{"start":{"line":5,"column":0},"end":{"line":11,"column":1}},"4":{"start":{"line":6,"column":13},"end":{"line":6,"column":29}},"5":{"start":{"line":7,"column":4},"end":{"line":8,"column":61}},"6":{"start":{"line":8,"column":15},"end":{"line":8,"column":59}},"7":{"start":{"line":9,"column":4},"end":{"line":9,"column":41}}},"fnMap":{"0":{"name":"(anonymous_0)","decl":{"start":{"line":5,"column":15},"end":{"line":5,"column":16}},"loc":{"start":{"line":5,"column":25},"end":{"line":11,"column":1}},"line":5},"1":{"name":"(anonymous_1)","decl":{"start":{"line":8,"column":10},"end":{"line":8,"column":11}},"loc":{"start":{"line":8,"column":15},"end":{"line":8,"column":59}},"line":8}},"branchMap":{},"s":{"0":1,"1":1,"2":1,"3":1,"4":1,"5":1,"6":0,"7":1},"f":{"0":1,"1":0},"b":{},"_coverageSchema":"43e27e138ebf9cfc5966b082cf9a028302ed4184","hash":"96696eee2f86cb426050d53628849d6d1ae7fe93"}
,"C:\\Users\\DIGICROSS1\\structure-p\\startup\\logging.js": {"path":"C:\\Users\\DIGICROSS1\\structure-p\\startup\\logging.js","statementMap":{"0":{"start":{"line":1,"column":0},"end":{"line":1,"column":32}},"1":{"start":{"line":2,"column":14},"end":{"line":2,"column":32}},"2":{"start":{"line":28,"column":0},"end":{"line":33,"column":1}},"3":{"start":{"line":29,"column":0},"end":{"line":29,"column":91}},"4":{"start":{"line":30,"column":0},"end":{"line":32,"column":3}},"5":{"start":{"line":31,"column":0},"end":{"line":31,"column":9}}},"fnMap":{"0":{"name":"(anonymous_0)","decl":{"start":{"line":28,"column":15},"end":{"line":28,"column":16}},"loc":{"start":{"line":28,"column":25},"end":{"line":33,"column":1}},"line":28},"1":{"name":"(anonymous_1)","decl":{"start":{"line":30,"column":32},"end":{"line":30,"column":33}},"loc":{"start":{"line":30,"column":38},"end":{"line":32,"column":1}},"line":30}},"branchMap":{},"s":{"0":1,"1":1,"2":1,"3":0,"4":0,"5":0},"f":{"0":0,"1":0},"b":{},"_coverageSchema":"43e27e138ebf9cfc5966b082cf9a028302ed4184","hash":"035938925272672861a05a7dd587db5bb236867b"}
,"C:\\Users\\DIGICROSS1\\structure-p\\startup\\routes.js": {"path":"C:\\Users\\DIGICROSS1\\structure-p\\startup\\routes.js","statementMap":{"0":{"start":{"line":1,"column":14},"end":{"line":1,"column":32}},"1":{"start":{"line":2,"column":13},"end":{"line":2,"column":40}},"2":{"start":{"line":3,"column":16},"end":{"line":3,"column":46}},"3":{"start":{"line":4,"column":13},"end":{"line":4,"column":40}},"4":{"start":{"line":5,"column":14},"end":{"line":5,"column":42}},"5":{"start":{"line":6,"column":12},"end":{"line":6,"column":38}},"6":{"start":{"line":7,"column":11},"end":{"line":7,"column":36}},"7":{"start":{"line":8,"column":12},"end":{"line":8,"column":42}},"8":{"start":{"line":11,"column":0},"end":{"line":21,"column":1}},"9":{"start":{"line":12,"column":4},"end":{"line":12,"column":28}},"10":{"start":{"line":13,"column":4},"end":{"line":13,"column":34}},"11":{"start":{"line":14,"column":4},"end":{"line":14,"column":40}},"12":{"start":{"line":15,"column":4},"end":{"line":15,"column":34}},"13":{"start":{"line":16,"column":4},"end":{"line":16,"column":36}},"14":{"start":{"line":17,"column":4},"end":{"line":17,"column":32}},"15":{"start":{"line":18,"column":4},"end":{"line":18,"column":30}},"16":{"start":{"line":19,"column":4},"end":{"line":19,"column":19}}},"fnMap":{"0":{"name":"(anonymous_0)","decl":{"start":{"line":11,"column":15},"end":{"line":11,"column":16}},"loc":{"start":{"line":11,"column":28},"end":{"line":21,"column":1}},"line":11}},"branchMap":{},"s":{"0":1,"1":1,"2":1,"3":1,"4":1,"5":1,"6":1,"7":1,"8":1,"9":1,"10":1,"11":1,"12":1,"13":1,"14":1,"15":1,"16":1},"f":{"0":1},"b":{},"_coverageSchema":"43e27e138ebf9cfc5966b082cf9a028302ed4184","hash":"7cd1717123965081d42771c1ab303556c60298ea"}
,"C:\\Users\\DIGICROSS1\\structure-p\\startup\\validation.js": {"path":"C:\\Users\\DIGICROSS1\\structure-p\\startup\\validation.js","statementMap":{"0":{"start":{"line":1,"column":10},"end":{"line":1,"column":24}},"1":{"start":{"line":3,"column":0},"end":{"line":7,"column":1}},"2":{"start":{"line":5,"column":0},"end":{"line":5,"column":42}}},"fnMap":{"0":{"name":"(anonymous_0)","decl":{"start":{"line":3,"column":15},"end":{"line":3,"column":16}},"loc":{"start":{"line":3,"column":25},"end":{"line":7,"column":1}},"line":3}},"branchMap":{},"s":{"0":1,"1":1,"2":1},"f":{"0":1},"b":{},"_coverageSchema":"43e27e138ebf9cfc5966b082cf9a028302ed4184","hash":"9bda167ae90e1b7ba43ca070dbcb8fcf0745975a"}
}
