TN:
SF:C:\Users\DIGICROSS1\structure-p\app.js
FN:14,(anonymous_0)
FNF:1
FNH:0
FNDA:0,(anonymous_0)
DA:1,1
DA:4,1
DA:5,1
DA:7,1
DA:8,1
DA:9,1
DA:10,1
DA:11,1
DA:13,1
DA:14,1
DA:16,1
LF:11
LH:11
BRF:0
BRH:0
end_of_record
TN:
SF:C:\Users\DIGICROSS1\structure-p\middleware\admin.js
FN:3,(anonymous_0)
FNF:1
FNH:0
FNDA:0,(anonymous_0)
DA:3,1
DA:5,0
DA:7,0
LF:3
LH:1
BRDA:5,0,0,0
BRDA:5,0,1,0
BRF:2
BRH:0
end_of_record
TN:
SF:C:\Users\DIGICROSS1\structure-p\middleware\auth.js
FN:4,(anonymous_0)
FNF:1
FNH:0
FNDA:0,(anonymous_0)
DA:1,1
DA:2,1
DA:4,1
DA:5,0
DA:6,0
DA:8,0
DA:9,0
DA:10,0
DA:11,0
DA:14,0
LF:10
LH:3
BRDA:6,0,0,0
BRDA:6,0,1,0
BRF:2
BRH:0
end_of_record
TN:
SF:C:\Users\DIGICROSS1\structure-p\middleware\error.js
FN:4,(anonymous_0)
FNF:1
FNH:0
FNDA:0,(anonymous_0)
DA:1,1
DA:4,1
DA:5,0
DA:6,0
LF:4
LH:2
BRF:0
BRH:0
end_of_record
TN:
SF:C:\Users\DIGICROSS1\structure-p\models\customer.js
FN:31,validateCustomer
FNF:1
FNH:0
FNDA:0,validateCustomer
DA:1,1
DA:2,1
DA:4,1
DA:29,1
DA:32,0
DA:37,0
DA:42,1
DA:43,1
LF:8
LH:6
BRF:0
BRH:0
end_of_record
TN:
SF:C:\Users\DIGICROSS1\structure-p\models\gener.js
FN:16,validateGeners
FNF:1
FNH:0
FNDA:0,validateGeners
DA:1,1
DA:2,1
DA:4,1
DA:14,1
DA:17,0
DA:20,0
DA:23,1
DA:24,1
DA:25,1
LF:9
LH:7
BRF:0
BRH:0
end_of_record
TN:
SF:C:\Users\DIGICROSS1\structure-p\models\movie.js
FN:37,validateMovie
FNF:1
FNH:0
FNDA:0,validateMovie
DA:1,1
DA:2,1
DA:3,1
DA:4,1
DA:35,1
DA:38,0
DA:46,1
DA:47,1
LF:8
LH:7
BRF:0
BRH:0
end_of_record
TN:
SF:C:\Users\DIGICROSS1\structure-p\models\rental.js
FN:63,validateRental
FNF:1
FNH:0
FNDA:0,validateRental
DA:1,1
DA:2,1
DA:5,1
DA:64,0
DA:70,0
DA:76,1
DA:77,1
LF:7
LH:5
BRF:0
BRH:0
end_of_record
TN:
SF:C:\Users\DIGICROSS1\structure-p\models\user.js
FN:30,(anonymous_0)
FN:36,validateUser
FNF:2
FNH:1
FNDA:1,(anonymous_0)
FNDA:0,validateUser
DA:1,2
DA:2,2
DA:3,2
DA:4,2
DA:5,2
DA:30,2
DA:31,1
DA:32,1
DA:34,2
DA:37,0
DA:43,0
DA:46,2
DA:47,2
DA:48,2
LF:14
LH:12
BRF:0
BRH:0
end_of_record
TN:
SF:C:\Users\DIGICROSS1\structure-p\router\auth.js
FN:12,(anonymous_0)
FN:23,validate
FNF:2
FNH:0
FNDA:0,(anonymous_0)
FNDA:0,validate
DA:1,1
DA:2,1
DA:3,1
DA:4,1
DA:5,1
DA:6,1
DA:7,1
DA:8,1
DA:9,1
DA:12,1
DA:13,0
DA:14,0
DA:15,0
DA:16,0
DA:17,0
DA:18,0
DA:19,0
DA:20,0
DA:24,0
DA:28,0
DA:30,1
LF:21
LH:11
BRDA:14,0,0,0
BRDA:14,0,1,0
BRDA:16,1,0,0
BRDA:16,1,1,0
BRDA:18,2,0,0
BRDA:18,2,1,0
BRF:6
BRH:0
end_of_record
TN:
SF:C:\Users\DIGICROSS1\structure-p\router\customers.js
FN:7,(anonymous_0)
FN:12,(anonymous_1)
FN:25,(anonymous_2)
FN:40,(anonymous_3)
FN:46,(anonymous_4)
FNF:5
FNH:0
FNDA:0,(anonymous_0)
FNDA:0,(anonymous_1)
FNDA:0,(anonymous_2)
FNDA:0,(anonymous_3)
FNDA:0,(anonymous_4)
DA:1,1
DA:2,1
DA:3,1
DA:4,1
DA:5,1
DA:7,1
DA:8,0
DA:9,0
DA:12,1
DA:13,0
DA:14,0
DA:16,0
DA:21,0
DA:22,0
DA:25,1
DA:26,0
DA:27,0
DA:29,0
DA:31,0
DA:33,0
DA:34,0
DA:35,0
DA:36,0
DA:37,0
DA:40,1
DA:41,0
DA:42,0
DA:43,0
DA:46,1
DA:47,0
DA:48,0
DA:49,0
DA:53,1
LF:33
LH:11
BRDA:14,0,0,0
BRDA:14,0,1,0
BRDA:27,1,0,0
BRDA:27,1,1,0
BRDA:31,2,0,0
BRDA:31,2,1,0
BRDA:42,3,0,0
BRDA:42,3,1,0
BRDA:48,4,0,0
BRDA:48,4,1,0
BRF:10
BRH:0
end_of_record
TN:
SF:C:\Users\DIGICROSS1\structure-p\router\geners.js
FN:10,(anonymous_0)
FN:16,(anonymous_1)
FN:25,(anonymous_2)
FN:38,(anonymous_3)
FN:44,(anonymous_4)
FN:50,validateGener
FNF:6
FNH:0
FNDA:0,(anonymous_0)
FNDA:0,(anonymous_1)
FNDA:0,(anonymous_2)
FNDA:0,(anonymous_3)
FNDA:0,(anonymous_4)
FNDA:0,validateGener
DA:1,1
DA:2,1
DA:3,1
DA:4,1
DA:5,1
DA:6,1
DA:7,1
DA:10,1
DA:12,0
DA:13,0
DA:16,1
DA:17,0
DA:18,0
DA:20,0
DA:21,0
DA:22,0
DA:25,1
DA:26,0
DA:27,0
DA:29,0
DA:31,0
DA:33,0
DA:34,0
DA:35,0
DA:38,1
DA:39,0
DA:40,0
DA:41,0
DA:44,1
DA:45,0
DA:46,0
DA:47,0
DA:52,0
DA:58,0
DA:64,1
LF:35
LH:13
BRDA:18,0,0,0
BRDA:18,0,1,0
BRDA:27,1,0,0
BRDA:27,1,1,0
BRDA:31,2,0,0
BRDA:31,2,1,0
BRDA:40,3,0,0
BRDA:40,3,1,0
BRDA:46,4,0,0
BRDA:46,4,1,0
BRF:10
BRH:0
end_of_record
TN:
SF:C:\Users\DIGICROSS1\structure-p\router\movies.js
FN:6,(anonymous_0)
FN:11,(anonymous_1)
FN:33,(anonymous_2)
FN:49,(anonymous_3)
FN:55,(anonymous_4)
FNF:5
FNH:0
FNDA:0,(anonymous_0)
FNDA:0,(anonymous_1)
FNDA:0,(anonymous_2)
FNDA:0,(anonymous_3)
FNDA:0,(anonymous_4)
DA:1,1
DA:2,1
DA:3,1
DA:4,1
DA:6,1
DA:7,0
DA:8,0
DA:11,1
DA:12,0
DA:13,0
DA:15,0
DA:16,0
DA:19,0
DA:29,0
DA:30,0
DA:33,1
DA:34,0
DA:35,0
DA:37,0
DA:39,0
DA:41,0
DA:42,0
DA:43,0
DA:44,0
DA:45,0
DA:46,0
DA:49,1
DA:50,0
DA:51,0
DA:52,0
DA:55,1
DA:56,0
DA:57,0
DA:58,0
DA:62,1
LF:35
LH:10
BRDA:13,0,0,0
BRDA:13,0,1,0
BRDA:16,1,0,0
BRDA:16,1,1,0
BRDA:35,2,0,0
BRDA:35,2,1,0
BRDA:39,3,0,0
BRDA:39,3,1,0
BRDA:51,4,0,0
BRDA:51,4,1,0
BRDA:57,5,0,0
BRDA:57,5,1,0
BRF:12
BRH:0
end_of_record
TN:
SF:C:\Users\DIGICROSS1\structure-p\router\rentals.js
FN:11,(anonymous_0)
FN:16,(anonymous_1)
FNF:2
FNH:0
FNDA:0,(anonymous_0)
FNDA:0,(anonymous_1)
DA:1,1
DA:2,1
DA:3,1
DA:4,1
DA:5,1
DA:6,1
DA:7,1
DA:9,1
DA:11,1
DA:12,0
DA:13,0
DA:16,1
DA:17,0
DA:18,0
DA:19,0
DA:20,0
DA:21,0
DA:22,0
DA:24,0
DA:25,0
DA:39,0
DA:40,0
DA:44,0
DA:49,0
DA:55,1
LF:25
LH:11
BRDA:18,0,0,0
BRDA:18,0,1,0
BRDA:20,1,0,0
BRDA:20,1,1,0
BRDA:22,2,0,0
BRDA:22,2,1,0
BRDA:24,3,0,0
BRDA:24,3,1,0
BRF:8
BRH:0
end_of_record
TN:
SF:C:\Users\DIGICROSS1\structure-p\router\users.js
FN:14,(anonymous_0)
FN:21,(anonymous_1)
FNF:2
FNH:0
FNDA:0,(anonymous_0)
FNDA:0,(anonymous_1)
DA:1,1
DA:2,1
DA:3,1
DA:4,1
DA:5,1
DA:6,1
DA:7,1
DA:8,1
DA:9,1
DA:10,1
DA:14,1
DA:16,0
DA:17,0
DA:21,1
DA:22,0
DA:23,0
DA:24,0
DA:25,0
DA:26,0
DA:27,0
DA:28,0
DA:29,0
DA:30,0
DA:31,0
DA:36,1
LF:25
LH:13
BRDA:23,0,0,0
BRDA:23,0,1,0
BRDA:25,1,0,0
BRDA:25,1,1,0
BRF:4
BRH:0
end_of_record
TN:
SF:C:\Users\DIGICROSS1\structure-p\startup\config.js
FN:4,(anonymous_0)
FNF:1
FNH:1
FNDA:1,(anonymous_0)
DA:2,1
DA:4,1
DA:5,1
DA:6,0
LF:4
LH:3
BRDA:5,0,0,0
BRDA:5,0,1,1
BRF:2
BRH:1
end_of_record
TN:
SF:C:\Users\DIGICROSS1\structure-p\startup\db.js
FN:5,(anonymous_0)
FN:8,(anonymous_1)
FNF:2
FNH:1
FNDA:1,(anonymous_0)
FNDA:0,(anonymous_1)
DA:1,1
DA:2,1
DA:3,1
DA:5,1
DA:6,1
DA:7,1
DA:8,0
DA:9,1
LF:8
LH:7
BRF:0
BRH:0
end_of_record
TN:
SF:C:\Users\DIGICROSS1\structure-p\startup\logging.js
FN:28,(anonymous_0)
FN:30,(anonymous_1)
FNF:2
FNH:0
FNDA:0,(anonymous_0)
FNDA:0,(anonymous_1)
DA:1,1
DA:2,1
DA:28,1
DA:29,0
DA:30,0
DA:31,0
LF:6
LH:3
BRF:0
BRH:0
end_of_record
TN:
SF:C:\Users\DIGICROSS1\structure-p\startup\routes.js
FN:11,(anonymous_0)
FNF:1
FNH:1
FNDA:1,(anonymous_0)
DA:1,1
DA:2,1
DA:3,1
DA:4,1
DA:5,1
DA:6,1
DA:7,1
DA:8,1
DA:11,1
DA:12,1
DA:13,1
DA:14,1
DA:15,1
DA:16,1
DA:17,1
DA:18,1
DA:19,1
LF:17
LH:17
BRF:0
BRH:0
end_of_record
TN:
SF:C:\Users\DIGICROSS1\structure-p\startup\validation.js
FN:3,(anonymous_0)
FNF:1
FNH:1
FNDA:1,(anonymous_0)
DA:1,1
DA:3,1
DA:5,1
LF:3
LH:3
BRF:0
BRH:0
end_of_record
